\BOOKMARK [0][-]{section*.1}{\315ndice general}{}% 1
\BOOKMARK [-1][-]{part.1}{Principios b\341sicosde resonancia magn\351tica}{}% 2
\BOOKMARK [0][-]{chapter.1}{Introducci\363n general a la resonancia magn\351tica}{part.1}% 3
\BOOKMARK [1][-]{section.1.1}{Fen\363meno de resonancia magn\351tica nuclear}{chapter.1}% 4
\BOOKMARK [1][-]{section.1.2}{Codificaci\363n espacial}{chapter.1}% 5
\BOOKMARK [1][-]{section.1.3}{Secuencias de pulsos}{chapter.1}% 6
\BOOKMARK [0][-]{chapter.2}{Aspectos hist\363ricos de la resonancia magn\351tica}{part.1}% 7
\BOOKMARK [0][-]{chapter.3}{Fen\363meno de resonancia magn\351tica}{part.1}% 8
\BOOKMARK [1][-]{section.3.1}{El spin nuclear}{chapter.3}% 9
\BOOKMARK [1][-]{section.3.2}{Equilibrio del sistema de spins en presencia de un campo magn\351tico}{chapter.3}% 10
\BOOKMARK [1][-]{section.3.3}{Perturbaci\363n del sistema de spins}{chapter.3}% 11
\BOOKMARK [1][-]{section.3.4}{Obtenci\363n de la se\361al de resonancia}{chapter.3}% 12
\BOOKMARK [0][-]{chapter.4}{Relajaci\363n y Contraste}{part.1}% 13
\BOOKMARK [1][-]{section.4.1}{Marco de referencia en rotaci\363n}{chapter.4}% 14
\BOOKMARK [1][-]{section.4.2}{Relajaci\363n longitudinal: T1}{chapter.4}% 15
\BOOKMARK [1][-]{section.4.3}{Relajaci\363n transversal: T2}{chapter.4}% 16
\BOOKMARK [1][-]{section.4.4}{Ecos}{chapter.4}% 17
\BOOKMARK [1][-]{section.4.5}{Control del contraste}{chapter.4}% 18
\BOOKMARK [0][-]{chapter.5}{Codificaci\363n espacial}{part.1}% 19
\BOOKMARK [1][-]{section.5.1}{Selecci\363n de rebanada \(excitaci\363n selectiva\)}{chapter.5}% 20
\BOOKMARK [1][-]{section.5.2}{Codificaci\363n mediante frecuencia}{chapter.5}% 21
\BOOKMARK [1][-]{section.5.3}{Codificaci\363n mediante fase}{chapter.5}% 22
\BOOKMARK [1][-]{section.5.4}{El espacio k}{chapter.5}% 23
\BOOKMARK [0][-]{chapter.6}{Secuencias de pulsos b\341sicas}{part.1}% 24
\BOOKMARK [1][-]{section.6.1}{Introducci\363n}{chapter.6}% 25
\BOOKMARK [1][-]{section.6.2}{La secuencia de pulsos m\341s b\341sica: FID.}{chapter.6}% 26
\BOOKMARK [1][-]{section.6.3}{Secuencias de pulsos generadoras de contraste}{chapter.6}% 27
\BOOKMARK [1][-]{section.6.4}{6.3. Secuencias de pulsos para codificaci\363n espacial}{chapter.6}% 28
\BOOKMARK [0][-]{chapter.7}{Hardware: Campo magn\351tico principal, gradientes y antenas}{part.1}% 29
\BOOKMARK [0][-]{chapter.8}{Aspectos de seguridad}{part.1}% 30
\BOOKMARK [1][-]{section.8.1}{Efectos Biol\363gicos del Campo Magn\351tico}{chapter.8}% 31
\BOOKMARK [1][-]{section.8.2}{Medidas de prevenci\363n de accidentes}{chapter.8}% 32
\BOOKMARK [1][-]{section.8.3}{Emergencias}{chapter.8}% 33
\BOOKMARK [0][-]{chapter.9}{Espectroscop\355a}{part.1}% 34
\BOOKMARK [1][-]{section.9.1}{Espectroscop\355a por RMN in vivo}{chapter.9}% 35
\BOOKMARK [1][-]{section.9.2}{Artefactos en espectroscop\355a por RMN}{chapter.9}% 36
\BOOKMARK [1][-]{section.9.3}{Metabolitos en el cerebro}{chapter.9}% 37
\BOOKMARK [0][-]{chapter.10}{Artefactos de imagen}{part.1}% 38
\BOOKMARK [1][-]{section.10.1}{Artefactos derivados de los instrumentos}{chapter.10}% 39
\BOOKMARK [1][-]{section.10.2}{Artefactos asociados a la transformada de Fourier}{chapter.10}% 40
\BOOKMARK [1][-]{section.10.3}{Artefactos derivados por par\341metros de adquisici\363n}{chapter.10}% 41
\BOOKMARK [1][-]{section.10.4}{Artefactos producidos por movimiento}{chapter.10}% 42
\BOOKMARK [1][-]{section.10.5}{Artefactos por modulaci\363n local del campo magn\351tico}{chapter.10}% 43
\BOOKMARK [-1][-]{part.2}{Protocolos de Imagen, aplicaciones y dise\361o experimental}{}% 44
\BOOKMARK [0][-]{chapter.11}{Resonancia magn\351tica funcional: Origen de la se\361al BOLD}{part.2}% 45
\BOOKMARK [1][-]{section.11.1}{La se\361al BOLD}{chapter.11}% 46
\BOOKMARK [1][-]{section.11.2}{La respuesta hemodin\341mica y su acople con la actividad metab\363lica cerebral}{chapter.11}% 47
\BOOKMARK [1][-]{section.11.3}{Procesos neuronales y la se\361al BOLD}{chapter.11}% 48
\BOOKMARK [1][-]{section.11.4}{Conclusiones}{chapter.11}% 49
\BOOKMARK [0][-]{chapter.12}{Resonancia magn\351tica funcional: Modelo lineal general}{part.2}% 50
\BOOKMARK [1][-]{section.12.1}{Introducci\363n}{chapter.12}% 51
\BOOKMARK [1][-]{section.12.2}{Modelaje de la se\361al de Resonancia Magn\351tica funcional}{chapter.12}% 52
\BOOKMARK [1][-]{section.12.3}{Aplicaci\363n del Modelo Lineal General en un estudio de fMRI}{chapter.12}% 53
\BOOKMARK [1][-]{section.12.4}{Conclusi\363n}{chapter.12}% 54
\BOOKMARK [0][-]{chapter.13}{Im\341genes sensibles a difusi\363n}{part.2}% 55
\BOOKMARK [1][-]{section.13.1}{Difusi\363n de mol\351culas de agua}{chapter.13}% 56
\BOOKMARK [1][-]{section.13.2}{El tensor de difusi\363n}{chapter.13}% 57
\BOOKMARK [1][-]{section.13.3}{Tractograf\355a}{chapter.13}% 58
\BOOKMARK [1][-]{section.13.4}{M\351todos para el an\341lisis cuantitativo del tensor de difusi\363n}{chapter.13}% 59
\BOOKMARK [1][-]{section.13.5}{Deficiencias de DTI}{chapter.13}% 60
\BOOKMARK [1][-]{section.13.6}{Cuando el modelo del tensor no es suficiente}{chapter.13}% 61
\BOOKMARK [0][-]{chapter.14}{Angio-resonancia}{part.2}% 62
\BOOKMARK [1][-]{section.14.1}{ARM con t\351cnicas de contraste en sangre negra}{chapter.14}% 63
\BOOKMARK [1][-]{section.14.2}{ARM con T\351cnicas de sangre blanca}{chapter.14}% 64
\BOOKMARK [1][-]{section.14.3}{ARM con t\351cnicas de Contraste de Fase \(PC\)}{chapter.14}% 65
\BOOKMARK [1][-]{section.14.4}{Angiograf\355a con incremento de contraste por agentes ex\363genos}{chapter.14}% 66
\BOOKMARK [1][-]{section.14.5}{Conclusi\363n }{chapter.14}% 67
\BOOKMARK [0][-]{chapter.15}{Im\341genes sensibles a perfusi\363n sangu\355nea}{part.2}% 68
\BOOKMARK [1][-]{section.15.1}{Dise\361os experimentales}{chapter.15}% 69
\BOOKMARK [0][-]{chapter.16}{T2 cuantitativo}{part.2}% 70
\BOOKMARK [-1][-]{part.3}{M\351todos de an\341lisis de im\341genes}{}% 71
\BOOKMARK [0][-]{chapter.17}{Regiones de inter\351s}{part.3}% 72
\BOOKMARK [0][-]{chapter.18}{Morfometr\355a por voxel}{part.3}% 73
\BOOKMARK [0][-]{chapter.19}{Conectividad cerebral}{part.3}% 74
\BOOKMARK [0][-]{chapter.20}{Estad\355sticas espaciales basadas en tractos}{part.3}% 75
\BOOKMARK [0][-]{chapter.21}{An\341lisis del grosor cortical}{part.3}% 76
\BOOKMARK [1][-]{section.21.1}{La corteza cerebral}{chapter.21}% 77
\BOOKMARK [1][-]{section.21.2}{Grosor cortical}{chapter.21}% 78
\BOOKMARK [1][-]{section.21.3}{Consideraciones en la estimaci\363n del grosor cortical}{chapter.21}% 79
\BOOKMARK [1][-]{section.21.4}{An\341lisis del grosor cortical}{chapter.21}% 80
\BOOKMARK [0][-]{chapter*.203}{Bibliograf\355a}{part.3}% 81
\BOOKMARK [-1][-]{part.4}{Ap\351ndices}{}% 82
\BOOKMARK [0][-]{chapter*.205}{Ejemplo de adquisici\363n de im\341genes}{part.4}% 83
\BOOKMARK [0][-]{chapter*.206}{Lecturas sugeridas}{part.4}% 84
\BOOKMARK [0][-]{section*.207}{\315ndice alfab\351tico}{part.4}% 85
